2026-03-17 17:58:43,493 - build_excel_constraints - INFO - 
2026-03-17 17:58:43,493 - build_excel_constraints - INFO - [1m======================================================================[0m
2026-03-17 17:58:43,493 - build_excel_constraints - INFO - [1mB6x SDK Excel Constraints Builder[0m
2026-03-17 17:58:43,493 - build_excel_constraints - INFO - [1m======================================================================[0m
2026-03-17 17:58:43,493 - build_excel_constraints - INFO - 
2026-03-17 17:58:43,494 - build_excel_constraints - INFO - SDK Root: D:\svn\bxx_DragonC1\sdk6
2026-03-17 17:58:43,494 - build_excel_constraints - INFO - Doc Dir: ./doc\SW_Spec
2026-03-17 17:58:43,494 - build_excel_constraints - INFO - Output Dir: ./xm_b6_mcp\data\constraints
2026-03-17 17:58:43,494 - build_excel_constraints - INFO - 
2026-03-17 17:58:45,624 - build_excel_constraints - DEBUG - pandas library available
2026-03-17 17:58:45,624 - build_excel_constraints - DEBUG - openpyxl library available
2026-03-17 17:58:45,624 - build_excel_constraints - INFO - Processing flash_map.yaml configuration...
2026-03-17 17:58:45,638 - build_excel_constraints - INFO - [92m[OK] [OK] flash_map.json - Domain: domain1, Type: memory_layout, Variants: ['flash_128kb', 'flash_256kb'][0m
2026-03-17 17:58:45,638 - build_excel_constraints - INFO - Processing sram_map.yaml configuration...
2026-03-17 17:58:45,664 - build_excel_constraints - INFO - [92m[OK] [OK] sram_map.json - Domain: domain1, Type: sram_allocation, Regions: 34[0m
2026-03-17 17:58:45,665 - build_excel_constraints - INFO - [92m[OK] [OK] memory_boundaries.json - Domain: domain1, Type: memory_boundaries, Boundaries: 3[0m
2026-03-17 17:58:45,665 - build_excel_constraints - INFO - Processing: B6x_IO_MAP.xlsx → io_map.json
2026-03-17 17:58:45,706 - build_excel_constraints - INFO - [92m[OK] [OK] io_map.json - Domain: domain1, Type: pin_mux, Entries: 65[0m
2026-03-17 17:58:45,706 - build_excel_constraints - INFO - Processing: B6x_BLE-功耗参考.xlsx → power_consumption.json
2026-03-17 17:58:45,728 - build_excel_constraints - INFO - [92m[OK] [OK] power_consumption.json - Domain: domain3, Type: power_consumption, Entries: 7[0m
2026-03-17 17:58:45,729 - build_excel_constraints - INFO - Processing: B6x BLE兼容性列表.xlsx → phone_compatibility_issues.json
2026-03-17 17:58:45,818 - build_excel_constraints - INFO - [92m[OK] [OK] phone_compatibility_issues.json - Domain: domain3, Type: phone_compatibility_issues, Entries: 147[0m
2026-03-17 17:58:45,818 - build_excel_constraints - INFO - 
2026-03-17 17:58:45,818 - build_excel_constraints - INFO - [1m======================================================================[0m
2026-03-17 17:58:45,818 - build_excel_constraints - INFO - [1mBuild Summary[0m
2026-03-17 17:58:45,818 - build_excel_constraints - INFO - [1m======================================================================[0m
2026-03-17 17:58:45,819 - build_excel_constraints - INFO - Files Processed:   3
2026-03-17 17:58:45,819 - build_excel_constraints - INFO - Files Succeeded:   3
2026-03-17 17:58:45,819 - build_excel_constraints - INFO - Files Failed:      0
2026-03-17 17:58:45,819 - build_excel_constraints - INFO - Success Rate:      100.0%
2026-03-17 17:58:45,819 - build_excel_constraints - INFO - Warnings:          0
2026-03-17 17:58:45,819 - build_excel_constraints - INFO - Errors:            0
2026-03-17 17:58:45,819 - build_excel_constraints - INFO - 
2026-03-17 17:58:45,819 - build_excel_constraints - INFO - [92mBuild completed successfully[0m
2026-03-17 17:58:45,819 - build_excel_constraints - INFO - 
2026-03-17 17:58:45,819 - build_excel_constraints - INFO - Log file: ./xm_b6_mcp\data\logs\build_excel_constraints_20260317_175843.log
